CRITICAL - 2025-08-08 15:56:23 --> ErrorException: Undefined variable $DatosVista
[Method: GET, Route: /]
in APPPATH\Views\ViewSelect.php on line 39.
 1 APPPATH\Views\ViewSelect.php(39): CodeIgniter\Debug\Exceptions->errorHandler(2, 'Undefined variable $DatosVista', 'C:\\xampp\\htdocs\\nuevo-proyectoDW\\app\\Views\\ViewSelect.php', 39)
 2 SYSTEMPATH\View\View.php(224): include('C:\\xampp\\htdocs\\nuevo-proyectoDW\\app\\Views\\ViewSelect.php')
 3 SYSTEMPATH\View\View.php(227): CodeIgniter\View\View->CodeIgniter\View\{closure}()
 4 SYSTEMPATH\Common.php(1173): CodeIgniter\View\View->render('ViewSelect', [], true)
 5 APPPATH\Controllers\Home.php(39): view('ViewSelect')
 6 SYSTEMPATH\CodeIgniter.php(933): App\Controllers\Home->index()
 7 SYSTEMPATH\CodeIgniter.php(507): CodeIgniter\CodeIgniter->runController(Object(App\Controllers\Home))
 8 SYSTEMPATH\CodeIgniter.php(354): CodeIgniter\CodeIgniter->handleRequest(null, Object(Config\Cache), false)
 9 SYSTEMPATH\Boot.php(334): CodeIgniter\CodeIgniter->run()
10 SYSTEMPATH\Boot.php(67): CodeIgniter\Boot::runCodeIgniter(Object(CodeIgniter\CodeIgniter))
11 FCPATH\index.php(59): CodeIgniter\Boot::bootWeb(Object(Config\Paths))
CRITICAL - 2025-08-08 15:56:58 --> ErrorException: Undefined variable $DatosVista
[Method: GET, Route: /]
in APPPATH\Views\ViewSelectAct.php on line 97.
 1 APPPATH\Views\ViewSelectAct.php(97): CodeIgniter\Debug\Exceptions->errorHandler(2, 'Undefined variable $DatosVista', 'C:\\xampp\\htdocs\\nuevo-proyectoDW\\app\\Views\\ViewSelectAct.php', 97)
 2 SYSTEMPATH\View\View.php(224): include('C:\\xampp\\htdocs\\nuevo-proyectoDW\\app\\Views\\ViewSelectAct.php')
 3 SYSTEMPATH\View\View.php(227): CodeIgniter\View\View->CodeIgniter\View\{closure}()
 4 SYSTEMPATH\Common.php(1173): CodeIgniter\View\View->render('ViewSelectAct', [], true)
 5 APPPATH\Controllers\Home.php(39): view('ViewSelectAct')
 6 SYSTEMPATH\CodeIgniter.php(933): App\Controllers\Home->index()
 7 SYSTEMPATH\CodeIgniter.php(507): CodeIgniter\CodeIgniter->runController(Object(App\Controllers\Home))
 8 SYSTEMPATH\CodeIgniter.php(354): CodeIgniter\CodeIgniter->handleRequest(null, Object(Config\Cache), false)
 9 SYSTEMPATH\Boot.php(334): CodeIgniter\CodeIgniter->run()
10 SYSTEMPATH\Boot.php(67): CodeIgniter\Boot::runCodeIgniter(Object(CodeIgniter\CodeIgniter))
11 FCPATH\index.php(59): CodeIgniter\Boot::bootWeb(Object(Config\Paths))
CRITICAL - 2025-08-08 15:56:59 --> ErrorException: Undefined variable $DatosVista
[Method: GET, Route: /]
in APPPATH\Views\ViewSelectAct.php on line 97.
 1 APPPATH\Views\ViewSelectAct.php(97): CodeIgniter\Debug\Exceptions->errorHandler(2, 'Undefined variable $DatosVista', 'C:\\xampp\\htdocs\\nuevo-proyectoDW\\app\\Views\\ViewSelectAct.php', 97)
 2 SYSTEMPATH\View\View.php(224): include('C:\\xampp\\htdocs\\nuevo-proyectoDW\\app\\Views\\ViewSelectAct.php')
 3 SYSTEMPATH\View\View.php(227): CodeIgniter\View\View->CodeIgniter\View\{closure}()
 4 SYSTEMPATH\Common.php(1173): CodeIgniter\View\View->render('ViewSelectAct', [], true)
 5 APPPATH\Controllers\Home.php(39): view('ViewSelectAct')
 6 SYSTEMPATH\CodeIgniter.php(933): App\Controllers\Home->index()
 7 SYSTEMPATH\CodeIgniter.php(507): CodeIgniter\CodeIgniter->runController(Object(App\Controllers\Home))
 8 SYSTEMPATH\CodeIgniter.php(354): CodeIgniter\CodeIgniter->handleRequest(null, Object(Config\Cache), false)
 9 SYSTEMPATH\Boot.php(334): CodeIgniter\CodeIgniter->run()
10 SYSTEMPATH\Boot.php(67): CodeIgniter\Boot::runCodeIgniter(Object(CodeIgniter\CodeIgniter))
11 FCPATH\index.php(59): CodeIgniter\Boot::bootWeb(Object(Config\Paths))
CRITICAL - 2025-08-08 15:56:59 --> ErrorException: Undefined variable $DatosVista
[Method: GET, Route: /]
in APPPATH\Views\ViewSelectAct.php on line 97.
 1 APPPATH\Views\ViewSelectAct.php(97): CodeIgniter\Debug\Exceptions->errorHandler(2, 'Undefined variable $DatosVista', 'C:\\xampp\\htdocs\\nuevo-proyectoDW\\app\\Views\\ViewSelectAct.php', 97)
 2 SYSTEMPATH\View\View.php(224): include('C:\\xampp\\htdocs\\nuevo-proyectoDW\\app\\Views\\ViewSelectAct.php')
 3 SYSTEMPATH\View\View.php(227): CodeIgniter\View\View->CodeIgniter\View\{closure}()
 4 SYSTEMPATH\Common.php(1173): CodeIgniter\View\View->render('ViewSelectAct', [], true)
 5 APPPATH\Controllers\Home.php(39): view('ViewSelectAct')
 6 SYSTEMPATH\CodeIgniter.php(933): App\Controllers\Home->index()
 7 SYSTEMPATH\CodeIgniter.php(507): CodeIgniter\CodeIgniter->runController(Object(App\Controllers\Home))
 8 SYSTEMPATH\CodeIgniter.php(354): CodeIgniter\CodeIgniter->handleRequest(null, Object(Config\Cache), false)
 9 SYSTEMPATH\Boot.php(334): CodeIgniter\CodeIgniter->run()
10 SYSTEMPATH\Boot.php(67): CodeIgniter\Boot::runCodeIgniter(Object(CodeIgniter\CodeIgniter))
11 FCPATH\index.php(59): CodeIgniter\Boot::bootWeb(Object(Config\Paths))
ERROR - 2025-08-08 15:57:24 --> Error connecting to the database: mysqli_sql_exception: Unknown database 'bdd_code' in C:\xampp\htdocs\nuevo-proyectoDW\vendor\codeigniter4\framework\system\Database\MySQLi\Connection.php:201
Stack trace:
#0 C:\xampp\htdocs\nuevo-proyectoDW\vendor\codeigniter4\framework\system\Database\MySQLi\Connection.php(201): mysqli->real_connect('localhost', 'root', Object(SensitiveParameterValue), 'bdd_code', 3306, '', 0)
#1 C:\xampp\htdocs\nuevo-proyectoDW\vendor\codeigniter4\framework\system\Database\BaseConnection.php(421): CodeIgniter\Database\MySQLi\Connection->connect(false)
#2 C:\xampp\htdocs\nuevo-proyectoDW\vendor\codeigniter4\framework\system\Database\BaseConnection.php(620): CodeIgniter\Database\BaseConnection->initialize()
#3 C:\xampp\htdocs\nuevo-proyectoDW\app\Models\ModelInsert.php(13): CodeIgniter\Database\BaseConnection->query('CALL SP_INSERT_...', Array)
#4 C:\xampp\htdocs\nuevo-proyectoDW\app\Controllers\Home.php(74): App\Models\ModelInsert->FuncionInsertUsuario(Array)
#5 C:\xampp\htdocs\nuevo-proyectoDW\vendor\codeigniter4\framework\system\CodeIgniter.php(933): App\Controllers\Home->insertUsuario()
#6 C:\xampp\htdocs\nuevo-proyectoDW\vendor\codeigniter4\framework\system\CodeIgniter.php(507): CodeIgniter\CodeIgniter->runController(Object(App\Controllers\Home))
#7 C:\xampp\htdocs\nuevo-proyectoDW\vendor\codeigniter4\framework\system\CodeIgniter.php(354): CodeIgniter\CodeIgniter->handleRequest(NULL, Object(Config\Cache), false)
#8 C:\xampp\htdocs\nuevo-proyectoDW\vendor\codeigniter4\framework\system\Boot.php(334): CodeIgniter\CodeIgniter->run()
#9 C:\xampp\htdocs\nuevo-proyectoDW\vendor\codeigniter4\framework\system\Boot.php(67): CodeIgniter\Boot::runCodeIgniter(Object(CodeIgniter\CodeIgniter))
#10 C:\xampp\htdocs\nuevo-proyectoDW\index.php(59): CodeIgniter\Boot::bootWeb(Object(Config\Paths))
#11 {main}

Next CodeIgniter\Database\Exceptions\DatabaseException: Unknown database 'bdd_code' in C:\xampp\htdocs\nuevo-proyectoDW\vendor\codeigniter4\framework\system\Database\MySQLi\Connection.php:246
Stack trace:
#0 C:\xampp\htdocs\nuevo-proyectoDW\vendor\codeigniter4\framework\system\Database\BaseConnection.php(421): CodeIgniter\Database\MySQLi\Connection->connect(false)
#1 C:\xampp\htdocs\nuevo-proyectoDW\vendor\codeigniter4\framework\system\Database\BaseConnection.php(620): CodeIgniter\Database\BaseConnection->initialize()
#2 C:\xampp\htdocs\nuevo-proyectoDW\app\Models\ModelInsert.php(13): CodeIgniter\Database\BaseConnection->query('CALL SP_INSERT_...', Array)
#3 C:\xampp\htdocs\nuevo-proyectoDW\app\Controllers\Home.php(74): App\Models\ModelInsert->FuncionInsertUsuario(Array)
#4 C:\xampp\htdocs\nuevo-proyectoDW\vendor\codeigniter4\framework\system\CodeIgniter.php(933): App\Controllers\Home->insertUsuario()
#5 C:\xampp\htdocs\nuevo-proyectoDW\vendor\codeigniter4\framework\system\CodeIgniter.php(507): CodeIgniter\CodeIgniter->runController(Object(App\Controllers\Home))
#6 C:\xampp\htdocs\nuevo-proyectoDW\vendor\codeigniter4\framework\system\CodeIgniter.php(354): CodeIgniter\CodeIgniter->handleRequest(NULL, Object(Config\Cache), false)
#7 C:\xampp\htdocs\nuevo-proyectoDW\vendor\codeigniter4\framework\system\Boot.php(334): CodeIgniter\CodeIgniter->run()
#8 C:\xampp\htdocs\nuevo-proyectoDW\vendor\codeigniter4\framework\system\Boot.php(67): CodeIgniter\Boot::runCodeIgniter(Object(CodeIgniter\CodeIgniter))
#9 C:\xampp\htdocs\nuevo-proyectoDW\index.php(59): CodeIgniter\Boot::bootWeb(Object(Config\Paths))
#10 {main}
CRITICAL - 2025-08-08 15:57:24 --> CodeIgniter\Database\Exceptions\DatabaseException: Unable to connect to the database.
Main connection [MySQLi]: Unknown database 'bdd_code'
[Method: POST, Route: Crear]
in SYSTEMPATH\Database\BaseConnection.php on line 467.
 1 SYSTEMPATH\Database\BaseConnection.php(620): CodeIgniter\Database\BaseConnection->initialize()
 2 APPPATH\Models\ModelInsert.php(13): CodeIgniter\Database\BaseConnection->query('CALL SP_INSERT_USUARIO(?,?,?,?,?)', [...])
 3 APPPATH\Controllers\Home.php(74): App\Models\ModelInsert->FuncionInsertUsuario([...])
 4 SYSTEMPATH\CodeIgniter.php(933): App\Controllers\Home->insertUsuario()
 5 SYSTEMPATH\CodeIgniter.php(507): CodeIgniter\CodeIgniter->runController(Object(App\Controllers\Home))
 6 SYSTEMPATH\CodeIgniter.php(354): CodeIgniter\CodeIgniter->handleRequest(null, Object(Config\Cache), false)
 7 SYSTEMPATH\Boot.php(334): CodeIgniter\CodeIgniter->run()
 8 SYSTEMPATH\Boot.php(67): CodeIgniter\Boot::runCodeIgniter(Object(CodeIgniter\CodeIgniter))
 9 FCPATH\index.php(59): CodeIgniter\Boot::bootWeb(Object(Config\Paths))
CRITICAL - 2025-08-08 16:02:17 --> CodeIgniter\Database\Exceptions\DatabaseException: You must set the database table to be used with your query.
[Method: GET, Route: Select]
in SYSTEMPATH\Database\BaseConnection.php on line 941.
 1 SYSTEMPATH\Model.php(714): CodeIgniter\Database\BaseConnection->table(null)
 2 SYSTEMPATH\Model.php(920): CodeIgniter\Model->builder()
 3 APPPATH\Controllers\Home.php(17): CodeIgniter\Model->__call('FuncionSelectPoductos', [])
 4 SYSTEMPATH\CodeIgniter.php(933): App\Controllers\Home->ControladorSelectUsuarioFuncion()
 5 SYSTEMPATH\CodeIgniter.php(507): CodeIgniter\CodeIgniter->runController(Object(App\Controllers\Home))
 6 SYSTEMPATH\CodeIgniter.php(354): CodeIgniter\CodeIgniter->handleRequest(null, Object(Config\Cache), false)
 7 SYSTEMPATH\Boot.php(334): CodeIgniter\CodeIgniter->run()
 8 SYSTEMPATH\Boot.php(67): CodeIgniter\Boot::runCodeIgniter(Object(CodeIgniter\CodeIgniter))
 9 FCPATH\index.php(59): CodeIgniter\Boot::bootWeb(Object(Config\Paths))
CRITICAL - 2025-08-08 16:02:18 --> CodeIgniter\Database\Exceptions\DatabaseException: You must set the database table to be used with your query.
[Method: GET, Route: Select]
in SYSTEMPATH\Database\BaseConnection.php on line 941.
 1 SYSTEMPATH\Model.php(714): CodeIgniter\Database\BaseConnection->table(null)
 2 SYSTEMPATH\Model.php(920): CodeIgniter\Model->builder()
 3 APPPATH\Controllers\Home.php(17): CodeIgniter\Model->__call('FuncionSelectPoductos', [])
 4 SYSTEMPATH\CodeIgniter.php(933): App\Controllers\Home->ControladorSelectUsuarioFuncion()
 5 SYSTEMPATH\CodeIgniter.php(507): CodeIgniter\CodeIgniter->runController(Object(App\Controllers\Home))
 6 SYSTEMPATH\CodeIgniter.php(354): CodeIgniter\CodeIgniter->handleRequest(null, Object(Config\Cache), false)
 7 SYSTEMPATH\Boot.php(334): CodeIgniter\CodeIgniter->run()
 8 SYSTEMPATH\Boot.php(67): CodeIgniter\Boot::runCodeIgniter(Object(CodeIgniter\CodeIgniter))
 9 FCPATH\index.php(59): CodeIgniter\Boot::bootWeb(Object(Config\Paths))
CRITICAL - 2025-08-08 16:02:21 --> CodeIgniter\Database\Exceptions\DatabaseException: You must set the database table to be used with your query.
[Method: GET, Route: Select]
in SYSTEMPATH\Database\BaseConnection.php on line 941.
 1 SYSTEMPATH\Model.php(714): CodeIgniter\Database\BaseConnection->table(null)
 2 SYSTEMPATH\Model.php(920): CodeIgniter\Model->builder()
 3 APPPATH\Controllers\Home.php(17): CodeIgniter\Model->__call('FuncionSelectPoductos', [])
 4 SYSTEMPATH\CodeIgniter.php(933): App\Controllers\Home->ControladorSelectUsuarioFuncion()
 5 SYSTEMPATH\CodeIgniter.php(507): CodeIgniter\CodeIgniter->runController(Object(App\Controllers\Home))
 6 SYSTEMPATH\CodeIgniter.php(354): CodeIgniter\CodeIgniter->handleRequest(null, Object(Config\Cache), false)
 7 SYSTEMPATH\Boot.php(334): CodeIgniter\CodeIgniter->run()
 8 SYSTEMPATH\Boot.php(67): CodeIgniter\Boot::runCodeIgniter(Object(CodeIgniter\CodeIgniter))
 9 FCPATH\index.php(59): CodeIgniter\Boot::bootWeb(Object(Config\Paths))
